Using pre-set license
Built from '2022.3/staging' branch; Version is '2022.3.3f1 (7cdc2969a641) revision 8182825'; Using compiler version '192829333'; Build Type 'Release'
OS: 'Windows 11  (10.0.22621) 64bit CoreSingleLanguage' Language: 'tr' Physical Memory: 32471 MB
BatchMode: 1, IsHumanControllingUs: 0, StartBugReporterOnCrash: 0, Is64bit: 1, IsPro: 1

COMMAND LINE ARGUMENTS:
C:\İndirilenler\Unity\2022.3.3f1\Editor\Unity.exe
-adb2
-batchMode
-noUpm
-name
AssetImportWorker0
-projectPath
C:/Unity projects/Patient-Projects/Patient Projects
-logFile
Logs/AssetImportWorker0.log
-srvPort
60089
Successfully changed project path to: C:/Unity projects/Patient-Projects/Patient Projects
C:/Unity projects/Patient-Projects/Patient Projects
[UnityMemory] Configuration Parameters - Can be set up in boot.config
    "memorysetup-bucket-allocator-granularity=16"
    "memorysetup-bucket-allocator-bucket-count=8"
    "memorysetup-bucket-allocator-block-size=33554432"
    "memorysetup-bucket-allocator-block-count=8"
    "memorysetup-main-allocator-block-size=16777216"
    "memorysetup-thread-allocator-block-size=16777216"
    "memorysetup-gfx-main-allocator-block-size=16777216"
    "memorysetup-gfx-thread-allocator-block-size=16777216"
    "memorysetup-cache-allocator-block-size=4194304"
    "memorysetup-typetree-allocator-block-size=2097152"
    "memorysetup-profiler-bucket-allocator-granularity=16"
    "memorysetup-profiler-bucket-allocator-bucket-count=8"
    "memorysetup-profiler-bucket-allocator-block-size=33554432"
    "memorysetup-profiler-bucket-allocator-block-count=8"
    "memorysetup-profiler-allocator-block-size=16777216"
    "memorysetup-profiler-editor-allocator-block-size=1048576"
    "memorysetup-temp-allocator-size-main=16777216"
    "memorysetup-job-temp-allocator-block-size=2097152"
    "memorysetup-job-temp-allocator-block-size-background=1048576"
    "memorysetup-job-temp-allocator-reduction-small-platforms=262144"
    "memorysetup-allocator-temp-initial-block-size-main=262144"
    "memorysetup-allocator-temp-initial-block-size-worker=262144"
    "memorysetup-temp-allocator-size-background-worker=32768"
    "memorysetup-temp-allocator-size-job-worker=262144"
    "memorysetup-temp-allocator-size-preload-manager=33554432"
    "memorysetup-temp-allocator-size-nav-mesh-worker=65536"
    "memorysetup-temp-allocator-size-audio-worker=65536"
    "memorysetup-temp-allocator-size-cloud-worker=32768"
    "memorysetup-temp-allocator-size-gi-baking-worker=262144"
    "memorysetup-temp-allocator-size-gfx=262144"
Player connection [26384] Host "[IP] 192.168.0.12 [Port] 0 [Flags] 2 [Guid] 2009938773 [EditorId] 2009938773 [Version] 1048832 [Id] WindowsEditor(7,MSI) [Debug] 1 [PackageName] WindowsEditor [ProjectName] Editor" joined multi-casting on [225.0.0.222:54997]...

Player connection [26384] Host "[IP] 192.168.0.12 [Port] 0 [Flags] 2 [Guid] 2009938773 [EditorId] 2009938773 [Version] 1048832 [Id] WindowsEditor(7,MSI) [Debug] 1 [PackageName] WindowsEditor [ProjectName] Editor" joined alternative multi-casting on [225.0.0.222:34997]...

Refreshing native plugins compatible for Editor in 12.07 ms, found 8 plugins.
Preloading 0 native plugins for Editor in 0.00 ms.
Initialize engine version: 2022.3.3f1 (7cdc2969a641)
[Subsystems] Discovering subsystems at path C:/İndirilenler/Unity/2022.3.3f1/Editor/Data/Resources/UnitySubsystems
[Subsystems] Discovering subsystems at path C:/Unity projects/Patient-Projects/Patient Projects/Assets
GfxDevice: creating device client; threaded=0; jobified=0
Direct3D:
    Version:  Direct3D 11.0 [level 11.1]
    Renderer: NVIDIA GeForce RTX 4070 Laptop GPU (ID=0x2820)
    Vendor:   NVIDIA
    VRAM:     7962 MB
    Driver:   31.0.15.3667
Initialize mono
Mono path[0] = 'C:/İndirilenler/Unity/2022.3.3f1/Editor/Data/Managed'
Mono path[1] = 'C:/İndirilenler/Unity/2022.3.3f1/Editor/Data/MonoBleedingEdge/lib/mono/unityjit-win32'
Mono config path = 'C:/İndirilenler/Unity/2022.3.3f1/Editor/Data/MonoBleedingEdge/etc'
Using monoOptions --debugger-agent=transport=dt_socket,embedding=1,server=y,suspend=n,address=127.0.0.1:56220
Begin MonoManager ReloadAssembly
Registering precompiled unity dll's ...
Register platform support module: C:/İndirilenler/Unity/2022.3.3f1/Editor/Data/PlaybackEngines/WebGLSupport/UnityEditor.WebGL.Extensions.dll
Register platform support module: C:/İndirilenler/Unity/2022.3.3f1/Editor/Data/PlaybackEngines/WindowsStandaloneSupport/UnityEditor.WindowsStandalone.Extensions.dll
Registered in 0.005797 seconds.
- Loaded All Assemblies, in  0.280 seconds
Native extension for WindowsStandalone target not found
Native extension for WebGL target not found
Mono: successfully reloaded assembly
- Finished resetting the current domain, in  0.209 seconds
Domain Reload Profiling: 488ms
	BeginReloadAssembly (84ms)
		ExecutionOrderSort (0ms)
		DisableScriptedObjects (0ms)
		BackupInstance (0ms)
		ReleaseScriptingObjects (0ms)
		CreateAndSetChildDomain (1ms)
	RebuildCommonClasses (30ms)
	RebuildNativeTypeToScriptingClass (8ms)
	initialDomainReloadingComplete (50ms)
	LoadAllAssembliesAndSetupDomain (106ms)
		LoadAssemblies (82ms)
		RebuildTransferFunctionScriptingTraits (0ms)
		AnalyzeDomain (100ms)
			TypeCache.Refresh (100ms)
				TypeCache.ScanAssembly (92ms)
			ScanForSourceGeneratedMonoScriptInfo (0ms)
			ResolveRequiredComponents (0ms)
	FinalizeReload (210ms)
		ReleaseScriptCaches (0ms)
		RebuildScriptCaches (0ms)
		SetupLoadedEditorAssemblies (165ms)
			LogAssemblyErrors (0ms)
			InitializePlatformSupportModulesInManaged (9ms)
			SetLoadedEditorAssemblies (5ms)
			RefreshPlugins (0ms)
			BeforeProcessingInitializeOnLoad (2ms)
			ProcessInitializeOnLoadAttributes (110ms)
			ProcessInitializeOnLoadMethodAttributes (40ms)
			AfterProcessingInitializeOnLoad (0ms)
			EditorAssembliesLoaded (0ms)
		ExecutionOrderSort2 (0ms)
		AwakeInstancesAfterBackupRestoration (0ms)
========================================================================
Worker process is ready to serve import requests
Begin MonoManager ReloadAssembly
Symbol file LoadedFromMemory doesn't match image C:\Unity projects\Patient-Projects\Patient Projects\Library\PackageCache\com.unity.visualscripting@1.8.0\Editor\VisualScripting.Core\Dependencies\YamlDotNet\Unity.VisualScripting.YamlDotNet.dll
Symbol file LoadedFromMemory doesn't match image C:\Unity projects\Patient-Projects\Patient Projects\Library\PackageCache\com.unity.visualscripting@1.8.0\Editor\VisualScripting.Core\Dependencies\DotNetZip\Unity.VisualScripting.IonicZip.dll
- Loaded All Assemblies, in  0.779 seconds
Refreshing native plugins compatible for Editor in 7.23 ms, found 8 plugins.
Native extension for WindowsStandalone target not found
Native extension for WebGL target not found
Mono: successfully reloaded assembly
- Finished resetting the current domain, in  0.586 seconds
Domain Reload Profiling: 1326ms
	BeginReloadAssembly (110ms)
		ExecutionOrderSort (0ms)
		DisableScriptedObjects (5ms)
		BackupInstance (0ms)
		ReleaseScriptingObjects (0ms)
		CreateAndSetChildDomain (15ms)
	RebuildCommonClasses (24ms)
	RebuildNativeTypeToScriptingClass (7ms)
	initialDomainReloadingComplete (40ms)
	LoadAllAssembliesAndSetupDomain (559ms)
		LoadAssemblies (309ms)
		RebuildTransferFunctionScriptingTraits (0ms)
		AnalyzeDomain (303ms)
			TypeCache.Refresh (262ms)
				TypeCache.ScanAssembly (252ms)
			ScanForSourceGeneratedMonoScriptInfo (23ms)
			ResolveRequiredComponents (18ms)
	FinalizeReload (586ms)
		ReleaseScriptCaches (0ms)
		RebuildScriptCaches (0ms)
		SetupLoadedEditorAssemblies (396ms)
			LogAssemblyErrors (0ms)
			InitializePlatformSupportModulesInManaged (6ms)
			SetLoadedEditorAssemblies (4ms)
			RefreshPlugins (0ms)
			BeforeProcessingInitializeOnLoad (74ms)
			ProcessInitializeOnLoadAttributes (246ms)
			ProcessInitializeOnLoadMethodAttributes (61ms)
			AfterProcessingInitializeOnLoad (6ms)
			EditorAssembliesLoaded (0ms)
		ExecutionOrderSort2 (0ms)
		AwakeInstancesAfterBackupRestoration (6ms)
Launched and connected shader compiler UnityShaderCompiler.exe after 0.06 seconds
Refreshing native plugins compatible for Editor in 8.49 ms, found 8 plugins.
Preloading 0 native plugins for Editor in 0.00 ms.
Unloading 6525 Unused Serialized files (Serialized files now loaded: 0)
Unloading 118 unused Assets / (3.4 MB). Loaded Objects now: 6956.
Memory consumption went from 254.8 MB to 251.4 MB.
Total: 3.408100 ms (FindLiveObjects: 0.313300 ms CreateObjectMapping: 0.143900 ms MarkObjects: 2.285600 ms  DeleteObjects: 0.664200 ms)

AssetImportParameters requested are different than current active one (requested -> active):
  custom:container-demuxer-ogg: 62fdf1f143b41e24485cea50d1cbac27 -> 
  custom:framework-win-MediaFoundation: 216162199b28c13a410421893ffa2e32 -> 
  custom:container-muxer-webm: aa71ff27fc2769a1b78a27578f13a17b -> 
  custom:video-decoder-webm-vp8: 9c59270c3fd7afecdb556c50c9e8de78 -> 
  custom:AudioImporter_EditorPlatform: d09bf68614088b80899f8185d706f6e7 -> 
  custom:audio-decoder-ogg-vorbis: bf7c407c2cedff20999df2af8eb42d56 -> 
  custom:audio-encoder-webm-vorbis: bf7c407c2cedff20999df2af8eb42d56 -> 
  custom:video-codec-MediaFoundation-h265: 746d11721c4dcdbdad8f713fa42b33f4 -> 
  custom:video-decoder-ogg-theora: a1e56fd34408186e4bbccfd4996cb3dc -> 
  custom:container-demuxer-webm: 4f35f7cbe854078d1ac9338744f61a02 -> 
  custom:video-encoder-webm-vp8: eb34c28f22e8b96e1ab97ce403110664 -> 
========================================================================
Received Import Request.
  Time since last request: 92612.944545 seconds.
  path: Assets/ThirdPerson/Scenes/ThirdPersonController.unity
  artifactKey: Guid(ec4bc6c2631690344beba252062c66c0) Importer(815301076,1909f56bfc062723c751e8b465ee728b)
Start importing Assets/ThirdPerson/Scenes/ThirdPersonController.unity using Guid(ec4bc6c2631690344beba252062c66c0) Importer(815301076,1909f56bfc062723c751e8b465ee728b)  -> (artifact id: '1719f82cb02c189766079ec93e1501eb') in 0.002431 seconds
Number of updated asset objects reloaded before import = 0
Number of asset objects unloaded after import = 0
========================================================================
Received Prepare
Begin MonoManager ReloadAssembly
Symbol file LoadedFromMemory doesn't match image C:\Unity projects\Patient-Projects\Patient Projects\Library\PackageCache\com.unity.visualscripting@1.8.0\Editor\VisualScripting.Core\Dependencies\YamlDotNet\Unity.VisualScripting.YamlDotNet.dll
Symbol file LoadedFromMemory doesn't match image C:\Unity projects\Patient-Projects\Patient Projects\Library\PackageCache\com.unity.visualscripting@1.8.0\Editor\VisualScripting.Core\Dependencies\DotNetZip\Unity.VisualScripting.IonicZip.dll
- Loaded All Assemblies, in  0.596 seconds
Refreshing native plugins compatible for Editor in 7.07 ms, found 8 plugins.
Native extension for WindowsStandalone target not found
Native extension for WebGL target not found
Mono: successfully reloaded assembly
- Finished resetting the current domain, in  1.284 seconds
Domain Reload Profiling: 1876ms
	BeginReloadAssembly (110ms)
		ExecutionOrderSort (0ms)
		DisableScriptedObjects (3ms)
		BackupInstance (0ms)
		ReleaseScriptingObjects (0ms)
		CreateAndSetChildDomain (29ms)
	RebuildCommonClasses (22ms)
	RebuildNativeTypeToScriptingClass (7ms)
	initialDomainReloadingComplete (24ms)
	LoadAllAssembliesAndSetupDomain (429ms)
		LoadAssemblies (238ms)
		RebuildTransferFunctionScriptingTraits (0ms)
		AnalyzeDomain (232ms)
			TypeCache.Refresh (223ms)
				TypeCache.ScanAssembly (215ms)
			ScanForSourceGeneratedMonoScriptInfo (0ms)
			ResolveRequiredComponents (9ms)
	FinalizeReload (1284ms)
		ReleaseScriptCaches (0ms)
		RebuildScriptCaches (0ms)
		SetupLoadedEditorAssemblies (453ms)
			LogAssemblyErrors (0ms)
			InitializePlatformSupportModulesInManaged (7ms)
			SetLoadedEditorAssemblies (5ms)
			RefreshPlugins (0ms)
			BeforeProcessingInitializeOnLoad (84ms)
			ProcessInitializeOnLoadAttributes (283ms)
			ProcessInitializeOnLoadMethodAttributes (67ms)
			AfterProcessingInitializeOnLoad (7ms)
			EditorAssembliesLoaded (0ms)
		ExecutionOrderSort2 (0ms)
		AwakeInstancesAfterBackupRestoration (7ms)
Refreshing native plugins compatible for Editor in 8.54 ms, found 8 plugins.
Preloading 0 native plugins for Editor in 0.00 ms.
Unloading 6352 Unused Serialized files (Serialized files now loaded: 0)
Unloading 78 unused Assets / (3.3 MB). Loaded Objects now: 6971.
Memory consumption went from 215.2 MB to 211.8 MB.
Total: 3.818700 ms (FindLiveObjects: 0.302600 ms CreateObjectMapping: 0.136500 ms MarkObjects: 2.566900 ms  DeleteObjects: 0.811900 ms)

Prepare: number of updated asset objects reloaded= 0
AssetImportParameters requested are different than current active one (requested -> active):
  custom:container-demuxer-ogg: 62fdf1f143b41e24485cea50d1cbac27 -> 
  custom:framework-win-MediaFoundation: 216162199b28c13a410421893ffa2e32 -> 
  custom:container-muxer-webm: aa71ff27fc2769a1b78a27578f13a17b -> 
  custom:video-decoder-webm-vp8: 9c59270c3fd7afecdb556c50c9e8de78 -> 
  custom:AudioImporter_EditorPlatform: d09bf68614088b80899f8185d706f6e7 -> 
  custom:audio-decoder-ogg-vorbis: bf7c407c2cedff20999df2af8eb42d56 -> 
  custom:audio-encoder-webm-vorbis: bf7c407c2cedff20999df2af8eb42d56 -> 
  custom:video-codec-MediaFoundation-h265: 746d11721c4dcdbdad8f713fa42b33f4 -> 
  custom:video-decoder-ogg-theora: a1e56fd34408186e4bbccfd4996cb3dc -> 
  custom:container-demuxer-webm: 4f35f7cbe854078d1ac9338744f61a02 -> 
  custom:video-encoder-webm-vp8: eb34c28f22e8b96e1ab97ce403110664 -> 
========================================================================
Received Import Request.
  Time since last request: 1233.918312 seconds.
  path: Assets/Needed folders/UnityTechnologies
  artifactKey: Guid(ef7fc5541daec46bca80267c6c95c646) Importer(815301076,1909f56bfc062723c751e8b465ee728b)
Start importing Assets/Needed folders/UnityTechnologies using Guid(ef7fc5541daec46bca80267c6c95c646) Importer(815301076,1909f56bfc062723c751e8b465ee728b)  -> (artifact id: '457778490721503e7264d55f13e7a3b9') in 0.012620 seconds
Number of updated asset objects reloaded before import = 0
Number of asset objects unloaded after import = 0
========================================================================
Received Import Request.
  Time since last request: 2.558451 seconds.
  path: Assets/Needed folders/TextMesh Pro/Sprites
  artifactKey: Guid(d0603b6d5186471b96c778c3949c7ce2) Importer(815301076,1909f56bfc062723c751e8b465ee728b)
Start importing Assets/Needed folders/TextMesh Pro/Sprites using Guid(d0603b6d5186471b96c778c3949c7ce2) Importer(815301076,1909f56bfc062723c751e8b465ee728b)  -> (artifact id: 'e5db1268436f4babbaeeb621e7f0ff8c') in 0.000576 seconds
Number of updated asset objects reloaded before import = 0
Number of asset objects unloaded after import = 0
========================================================================
Received Import Request.
  Time since last request: 0.084901 seconds.
  path: Assets/Needed folders/TextMesh Pro/Sprites/EmojiOne.png
  artifactKey: Guid(dffef66376be4fa480fb02b19edbe903) Importer(815301076,1909f56bfc062723c751e8b465ee728b)
Start importing Assets/Needed folders/TextMesh Pro/Sprites/EmojiOne.png using Guid(dffef66376be4fa480fb02b19edbe903) Importer(815301076,1909f56bfc062723c751e8b465ee728b)  -> (artifact id: '5d83831bb2d16f4949a018bc2bf97c8d') in 0.036296 seconds
Number of updated asset objects reloaded before import = 0
Number of asset objects unloaded after import = 2
========================================================================
Received Import Request.
  Time since last request: 1.185356 seconds.
  path: Assets/Needed folders/TextMesh Pro/Shaders/TMPro.cginc
  artifactKey: Guid(407bc68d299748449bbf7f48ee690f8d) Importer(815301076,1909f56bfc062723c751e8b465ee728b)
Start importing Assets/Needed folders/TextMesh Pro/Shaders/TMPro.cginc using Guid(407bc68d299748449bbf7f48ee690f8d) Importer(815301076,1909f56bfc062723c751e8b465ee728b)  -> (artifact id: '25d006b3457df3d12e3e98045f158847') in 0.014065 seconds
Number of updated asset objects reloaded before import = 0
Number of asset objects unloaded after import = 1
========================================================================
Received Import Request.
  Time since last request: 0.000012 seconds.
  path: Assets/Needed folders/TextMesh Pro/Shaders/TMPro_Surface.cginc
  artifactKey: Guid(d930090c0cd643c7b55f19a38538c162) Importer(815301076,1909f56bfc062723c751e8b465ee728b)
Start importing Assets/Needed folders/TextMesh Pro/Shaders/TMPro_Surface.cginc using Guid(d930090c0cd643c7b55f19a38538c162) Importer(815301076,1909f56bfc062723c751e8b465ee728b)  -> (artifact id: '3bcfe5eccb506a1defcff59ca8e1d25c') in 0.020822 seconds
Number of updated asset objects reloaded before import = 0
Number of asset objects unloaded after import = 1
========================================================================
Received Import Request.
  Time since last request: 0.511708 seconds.
  path: Assets/Needed folders/TextMesh Pro/Resources/TMP Settings.asset
  artifactKey: Guid(3f5b5dff67a942289a9defa416b206f3) Importer(815301076,1909f56bfc062723c751e8b465ee728b)
Start importing Assets/Needed folders/TextMesh Pro/Resources/TMP Settings.asset using Guid(3f5b5dff67a942289a9defa416b206f3) Importer(815301076,1909f56bfc062723c751e8b465ee728b)  -> (artifact id: 'dcd44bd4c4a0a3e5af65191bc05c97f3') in 0.022602 seconds
Number of updated asset objects reloaded before import = 0
Number of asset objects unloaded after import = 15
========================================================================
Received Import Request.
  Time since last request: 1.604493 seconds.
  path: Assets/Needed folders/TextMesh Pro/Fonts/LiberationSans.ttf
  artifactKey: Guid(e3265ab4bf004d28a9537516768c1c75) Importer(815301076,1909f56bfc062723c751e8b465ee728b)
Start importing Assets/Needed folders/TextMesh Pro/Fonts/LiberationSans.ttf using Guid(e3265ab4bf004d28a9537516768c1c75) Importer(815301076,1909f56bfc062723c751e8b465ee728b)  -> (artifact id: '9b55ce797af40c71e80a20ee86d071fa') in 0.049882 seconds
Number of updated asset objects reloaded before import = 0
Number of asset objects unloaded after import = 4
========================================================================
Received Import Request.
  Time since last request: 4.607472 seconds.
  path: Assets/Needed folders/Particle Dissolve Shader by Moonflower Carnivore/Animations
  artifactKey: Guid(2b8b29afda297e6488b87e17329980fa) Importer(815301076,1909f56bfc062723c751e8b465ee728b)
Start importing Assets/Needed folders/Particle Dissolve Shader by Moonflower Carnivore/Animations using Guid(2b8b29afda297e6488b87e17329980fa) Importer(815301076,1909f56bfc062723c751e8b465ee728b)  -> (artifact id: 'b81d4b5477ff40db67550068947f8e74') in 0.001010 seconds
Number of updated asset objects reloaded before import = 0
Number of asset objects unloaded after import = 0
========================================================================
Received Import Request.
  Time since last request: 1.854132 seconds.
  path: Assets/Needed folders/Particle Dissolve Shader by Moonflower Carnivore/Cameras/Camera.prefab
  artifactKey: Guid(ff3468df767ca784b87dc810a8963a12) Importer(815301076,1909f56bfc062723c751e8b465ee728b)
Start importing Assets/Needed folders/Particle Dissolve Shader by Moonflower Carnivore/Cameras/Camera.prefab using Guid(ff3468df767ca784b87dc810a8963a12) Importer(815301076,1909f56bfc062723c751e8b465ee728b)  -> (artifact id: '0e89bb24b2e261106888862325d786f4') in 0.008055 seconds
Number of updated asset objects reloaded before import = 0
Number of asset objects unloaded after import = 13
========================================================================
Received Import Request.
  Time since last request: 0.441112 seconds.
  path: Assets/Needed folders/Particle Dissolve Shader by Moonflower Carnivore/Lens Flares/Basic Fire Glow.flare
  artifactKey: Guid(97799acb0a5f29644875356634905ea5) Importer(815301076,1909f56bfc062723c751e8b465ee728b)
Start importing Assets/Needed folders/Particle Dissolve Shader by Moonflower Carnivore/Lens Flares/Basic Fire Glow.flare using Guid(97799acb0a5f29644875356634905ea5) Importer(815301076,1909f56bfc062723c751e8b465ee728b)  -> (artifact id: '0a34b5617558e15e75be5abc0071bdb9') in 0.001186 seconds
Number of updated asset objects reloaded before import = 0
Number of asset objects unloaded after import = 1
========================================================================
Received Import Request.
  Time since last request: 0.009527 seconds.
  path: Assets/Needed folders/Particle Dissolve Shader by Moonflower Carnivore/Lens Flares/Blue Glow.flare
  artifactKey: Guid(fc05ea72b64827a448e37b0c9e2d9e1b) Importer(815301076,1909f56bfc062723c751e8b465ee728b)
Start importing Assets/Needed folders/Particle Dissolve Shader by Moonflower Carnivore/Lens Flares/Blue Glow.flare using Guid(fc05ea72b64827a448e37b0c9e2d9e1b) Importer(815301076,1909f56bfc062723c751e8b465ee728b)  -> (artifact id: '0d9c5da17a227855665dbee5f6f612b2') in 0.001391 seconds
Number of updated asset objects reloaded before import = 0
Number of asset objects unloaded after import = 1
========================================================================
Received Import Request.
  Time since last request: 0.451868 seconds.
  path: Assets/Needed folders/Particle Dissolve Shader by Moonflower Carnivore/Materials/Checker.mat
  artifactKey: Guid(66eb83927781d3641bed489779c6f414) Importer(815301076,1909f56bfc062723c751e8b465ee728b)
Start importing Assets/Needed folders/Particle Dissolve Shader by Moonflower Carnivore/Materials/Checker.mat using Guid(66eb83927781d3641bed489779c6f414) Importer(815301076,1909f56bfc062723c751e8b465ee728b)  -> (artifact id: 'fc43b4713388e3569baf7953d1f2050c') in 0.073997 seconds
Number of updated asset objects reloaded before import = 0
Number of asset objects unloaded after import = 2
========================================================================
Received Import Request.
  Time since last request: 1.013885 seconds.
  path: Assets/Needed folders/Particle Dissolve Shader by Moonflower Carnivore/Materials/Cloud dissolve sharp alpha opacity.mat
  artifactKey: Guid(b6dc35e8bf669d8449f3a47a0b6f8836) Importer(815301076,1909f56bfc062723c751e8b465ee728b)
Start importing Assets/Needed folders/Particle Dissolve Shader by Moonflower Carnivore/Materials/Cloud dissolve sharp alpha opacity.mat using Guid(b6dc35e8bf669d8449f3a47a0b6f8836) Importer(815301076,1909f56bfc062723c751e8b465ee728b)  -> (artifact id: '91517b886a383cd10de460baacb717e0') in 0.025154 seconds
Number of updated asset objects reloaded before import = 0
Number of asset objects unloaded after import = 2
========================================================================
Received Import Request.
  Time since last request: 0.000012 seconds.
  path: Assets/Needed folders/Particle Dissolve Shader by Moonflower Carnivore/Materials/Cloud dissolve soft add.mat
  artifactKey: Guid(9fb3e62b3ef1c18488b4e7fad598e15f) Importer(815301076,1909f56bfc062723c751e8b465ee728b)
Start importing Assets/Needed folders/Particle Dissolve Shader by Moonflower Carnivore/Materials/Cloud dissolve soft add.mat using Guid(9fb3e62b3ef1c18488b4e7fad598e15f) Importer(815301076,1909f56bfc062723c751e8b465ee728b)  -> (artifact id: '64814c146b2f39f3d5983b8439fa119c') in 0.044682 seconds
Number of updated asset objects reloaded before import = 0
Number of asset objects unloaded after import = 2
========================================================================
Received Import Request.
  Time since last request: 0.000017 seconds.
  path: Assets/Needed folders/Particle Dissolve Shader by Moonflower Carnivore/Prefabs/Explosion loop sharp.prefab
  artifactKey: Guid(c9afa2a2ad89ebc41897c1247ceddadd) Importer(815301076,1909f56bfc062723c751e8b465ee728b)
Start importing Assets/Needed folders/Particle Dissolve Shader by Moonflower Carnivore/Prefabs/Explosion loop sharp.prefab using Guid(c9afa2a2ad89ebc41897c1247ceddadd) Importer(815301076,1909f56bfc062723c751e8b465ee728b)  -> (artifact id: 'f9a68cf931441307698e1b70bebb46d1') in 0.076503 seconds
Number of updated asset objects reloaded before import = 0
Number of asset objects unloaded after import = 35
========================================================================
Received Import Request.
  Time since last request: 0.000021 seconds.
  path: Assets/Needed folders/Particle Dissolve Shader by Moonflower Carnivore/Materials/Cloud Flame loop dissolve sharp alpha.mat
  artifactKey: Guid(c49fcf35515bc3f4cbe407d40a47e8c7) Importer(815301076,1909f56bfc062723c751e8b465ee728b)
Start importing Assets/Needed folders/Particle Dissolve Shader by Moonflower Carnivore/Materials/Cloud Flame loop dissolve sharp alpha.mat using Guid(c49fcf35515bc3f4cbe407d40a47e8c7) Importer(815301076,1909f56bfc062723c751e8b465ee728b)  -> (artifact id: 'dc2999aa4eef41619cb2bff36d17c48c') in 0.006339 seconds
Number of updated asset objects reloaded before import = 0
Number of asset objects unloaded after import = 2
========================================================================
Received Import Request.
  Time since last request: 0.000013 seconds.
  path: Assets/Needed folders/Particle Dissolve Shader by Moonflower Carnivore/Prefabs/Water Splash soft.prefab
  artifactKey: Guid(051cf3b94d281a5478a0d3f739bea9bb) Importer(815301076,1909f56bfc062723c751e8b465ee728b)
Start importing Assets/Needed folders/Particle Dissolve Shader by Moonflower Carnivore/Prefabs/Water Splash soft.prefab using Guid(051cf3b94d281a5478a0d3f739bea9bb) Importer(815301076,1909f56bfc062723c751e8b465ee728b)  -> (artifact id: '48aae684ccc75d2e177b78c05f4fa8ee') in 0.054020 seconds
Number of updated asset objects reloaded before import = 0
Number of asset objects unloaded after import = 35
========================================================================
Received Import Request.
  Time since last request: 0.000013 seconds.
  path: Assets/Needed folders/Particle Dissolve Shader by Moonflower Carnivore/Materials/Flame dissolve sharp alpha softrim stretch.mat
  artifactKey: Guid(232839310cdf8e848b4e6e44c2a13679) Importer(815301076,1909f56bfc062723c751e8b465ee728b)
Start importing Assets/Needed folders/Particle Dissolve Shader by Moonflower Carnivore/Materials/Flame dissolve sharp alpha softrim stretch.mat using Guid(232839310cdf8e848b4e6e44c2a13679) Importer(815301076,1909f56bfc062723c751e8b465ee728b)  -> (artifact id: '53cb94878058c40ae0bce4fbe36f1fad') in 0.023121 seconds
Number of updated asset objects reloaded before import = 0
Number of asset objects unloaded after import = 2
========================================================================
Received Import Request.
  Time since last request: 0.000013 seconds.
  path: Assets/Needed folders/Particle Dissolve Shader by Moonflower Carnivore/Materials/Glow add.mat
  artifactKey: Guid(6574435646581f34f9f80e0c7cafdde1) Importer(815301076,1909f56bfc062723c751e8b465ee728b)
Start importing Assets/Needed folders/Particle Dissolve Shader by Moonflower Carnivore/Materials/Glow add.mat using Guid(6574435646581f34f9f80e0c7cafdde1) Importer(815301076,1909f56bfc062723c751e8b465ee728b)  -> (artifact id: 'dc3d2e680423c6e53b937e92036e3890') in 0.007451 seconds
Number of updated asset objects reloaded before import = 0
Number of asset objects unloaded after import = 2
========================================================================
Received Import Request.
  Time since last request: 0.000014 seconds.
  path: Assets/Needed folders/Particle Dissolve Shader by Moonflower Carnivore/Prefabs/Flamethrower sharp.prefab
  artifactKey: Guid(4f8a3a0b449257842b03d9918aefd150) Importer(815301076,1909f56bfc062723c751e8b465ee728b)
Start importing Assets/Needed folders/Particle Dissolve Shader by Moonflower Carnivore/Prefabs/Flamethrower sharp.prefab using Guid(4f8a3a0b449257842b03d9918aefd150) Importer(815301076,1909f56bfc062723c751e8b465ee728b)  -> (artifact id: '86a67737f3570713014e930ac8b404c8') in 0.009264 seconds
Number of updated asset objects reloaded before import = 0
Number of asset objects unloaded after import = 25
========================================================================
Received Import Request.
  Time since last request: 0.000013 seconds.
  path: Assets/Needed folders/Particle Dissolve Shader by Moonflower Carnivore/Materials/Flame dissolve soft add.mat
  artifactKey: Guid(215b10ae0cbe8a842ab317cf9c520fd5) Importer(815301076,1909f56bfc062723c751e8b465ee728b)
Start importing Assets/Needed folders/Particle Dissolve Shader by Moonflower Carnivore/Materials/Flame dissolve soft add.mat using Guid(215b10ae0cbe8a842ab317cf9c520fd5) Importer(815301076,1909f56bfc062723c751e8b465ee728b)  -> (artifact id: '4be98d018fc8494dba04cf9fd01fce2c') in 0.007096 seconds
Number of updated asset objects reloaded before import = 0
Number of asset objects unloaded after import = 2
========================================================================
Received Import Request.
  Time since last request: 0.000013 seconds.
  path: Assets/Needed folders/Particle Dissolve Shader by Moonflower Carnivore/Prefabs/Explosion single_2 soft.prefab
  artifactKey: Guid(08af55dd04af6094389b71d80b600049) Importer(815301076,1909f56bfc062723c751e8b465ee728b)
Start importing Assets/Needed folders/Particle Dissolve Shader by Moonflower Carnivore/Prefabs/Explosion single_2 soft.prefab using Guid(08af55dd04af6094389b71d80b600049) Importer(815301076,1909f56bfc062723c751e8b465ee728b)  -> (artifact id: '4224aa9573fa00c365969823fcbde43e') in 0.018330 seconds
Number of updated asset objects reloaded before import = 0
Number of asset objects unloaded after import = 41
========================================================================
Received Import Request.
  Time since last request: 0.000016 seconds.
  path: Assets/Needed folders/Particle Dissolve Shader by Moonflower Carnivore/Materials/Cloud Flame loop dissolve soft alpha.mat
  artifactKey: Guid(13cc2255134f878449255233aa7d0971) Importer(815301076,1909f56bfc062723c751e8b465ee728b)
Start importing Assets/Needed folders/Particle Dissolve Shader by Moonflower Carnivore/Materials/Cloud Flame loop dissolve soft alpha.mat using Guid(13cc2255134f878449255233aa7d0971) Importer(815301076,1909f56bfc062723c751e8b465ee728b)  -> (artifact id: '68f6a23d934883a2e5d210d09e4a7f20') in 0.006334 seconds
Number of updated asset objects reloaded before import = 0
Number of asset objects unloaded after import = 2
========================================================================
Received Import Request.
  Time since last request: 0.000014 seconds.
  path: Assets/Needed folders/Particle Dissolve Shader by Moonflower Carnivore/Prefabs/Fire basic mobile.prefab
  artifactKey: Guid(1c6cf70a4666e5a40ba4bafbc8947b6a) Importer(815301076,1909f56bfc062723c751e8b465ee728b)
Start importing Assets/Needed folders/Particle Dissolve Shader by Moonflower Carnivore/Prefabs/Fire basic mobile.prefab using Guid(1c6cf70a4666e5a40ba4bafbc8947b6a) Importer(815301076,1909f56bfc062723c751e8b465ee728b)  -> (artifact id: '75e195edfad482a3f122e4e885d6845c') in 0.009131 seconds
Number of updated asset objects reloaded before import = 0
Number of asset objects unloaded after import = 19
========================================================================
Received Import Request.
  Time since last request: 0.000014 seconds.
  path: Assets/Needed folders/Particle Dissolve Shader by Moonflower Carnivore/Prefabs/Explosion loop_2 soft.prefab
  artifactKey: Guid(b0fa6e8756f3a9e43b8ca1e482604f59) Importer(815301076,1909f56bfc062723c751e8b465ee728b)
Start importing Assets/Needed folders/Particle Dissolve Shader by Moonflower Carnivore/Prefabs/Explosion loop_2 soft.prefab using Guid(b0fa6e8756f3a9e43b8ca1e482604f59) Importer(815301076,1909f56bfc062723c751e8b465ee728b)  -> (artifact id: '7a6e85d994166a09a814e1ccfcdcb77a') in 0.010005 seconds
Number of updated asset objects reloaded before import = 0
Number of asset objects unloaded after import = 35
========================================================================
Received Import Request.
  Time since last request: 0.000017 seconds.
  path: Assets/Needed folders/Particle Dissolve Shader by Moonflower Carnivore/Prefabs/Fire fuel fallback.prefab
  artifactKey: Guid(245191202050321409424466409a4448) Importer(815301076,1909f56bfc062723c751e8b465ee728b)
Start importing Assets/Needed folders/Particle Dissolve Shader by Moonflower Carnivore/Prefabs/Fire fuel fallback.prefab using Guid(245191202050321409424466409a4448) Importer(815301076,1909f56bfc062723c751e8b465ee728b)  -> (artifact id: '257b4728cb49d47cfd5dc924aeebad30') in 0.009399 seconds
Number of updated asset objects reloaded before import = 0
Number of asset objects unloaded after import = 17
========================================================================
Received Import Request.
  Time since last request: 0.000021 seconds.
  path: Assets/Needed folders/Particle Dissolve Shader by Moonflower Carnivore/Prefabs/Flamethrower mobile.prefab
  artifactKey: Guid(75d81dd229c1a8449b4fdf8dbba00c6c) Importer(815301076,1909f56bfc062723c751e8b465ee728b)
Start importing Assets/Needed folders/Particle Dissolve Shader by Moonflower Carnivore/Prefabs/Flamethrower mobile.prefab using Guid(75d81dd229c1a8449b4fdf8dbba00c6c) Importer(815301076,1909f56bfc062723c751e8b465ee728b)  -> (artifact id: '3cbc44bbd4f5b76153e2a0fd898092cd') in 0.007780 seconds
Number of updated asset objects reloaded before import = 0
Number of asset objects unloaded after import = 11
========================================================================
Received Import Request.
  Time since last request: 0.000013 seconds.
  path: Assets/Needed folders/Particle Dissolve Shader by Moonflower Carnivore/Materials/Flame dissolve sharp alpha.mat
  artifactKey: Guid(1116d15f2ccd67948af30e397017d8fe) Importer(815301076,1909f56bfc062723c751e8b465ee728b)
Start importing Assets/Needed folders/Particle Dissolve Shader by Moonflower Carnivore/Materials/Flame dissolve sharp alpha.mat using Guid(1116d15f2ccd67948af30e397017d8fe) Importer(815301076,1909f56bfc062723c751e8b465ee728b)  -> (artifact id: '4bd509ec73e3249dc2b5c88feafd3617') in 0.006839 seconds
Number of updated asset objects reloaded before import = 0
Number of asset objects unloaded after import = 2
========================================================================
Received Import Request.
  Time since last request: 0.000014 seconds.
  path: Assets/Needed folders/Particle Dissolve Shader by Moonflower Carnivore/Prefabs/Water Splash fallback.prefab
  artifactKey: Guid(fe9372b5e90add447945755c45121163) Importer(815301076,1909f56bfc062723c751e8b465ee728b)
Start importing Assets/Needed folders/Particle Dissolve Shader by Moonflower Carnivore/Prefabs/Water Splash fallback.prefab using Guid(fe9372b5e90add447945755c45121163) Importer(815301076,1909f56bfc062723c751e8b465ee728b)  -> (artifact id: 'dbecffbf3db5164a187888f87633d165') in 0.010258 seconds
Number of updated asset objects reloaded before import = 0
Number of asset objects unloaded after import = 35
========================================================================
Received Import Request.
  Time since last request: 0.000015 seconds.
  path: Assets/Needed folders/Particle Dissolve Shader by Moonflower Carnivore/Prefabs/Fire basic soft.prefab
  artifactKey: Guid(5254f1d4706b70a43a126292a062a4cf) Importer(815301076,1909f56bfc062723c751e8b465ee728b)
Start importing Assets/Needed folders/Particle Dissolve Shader by Moonflower Carnivore/Prefabs/Fire basic soft.prefab using Guid(5254f1d4706b70a43a126292a062a4cf) Importer(815301076,1909f56bfc062723c751e8b465ee728b)  -> (artifact id: '8cd6ad4653feae33ec7095e85a5744a5') in 0.027565 seconds
Number of updated asset objects reloaded before import = 0
Number of asset objects unloaded after import = 26
========================================================================
Received Import Request.
  Time since last request: 0.000011 seconds.
  path: Assets/Needed folders/Particle Dissolve Shader by Moonflower Carnivore/Prefabs/Explosion loop fallback.prefab
  artifactKey: Guid(39051c4c6f9bd604382d68b7a910a9e0) Importer(815301076,1909f56bfc062723c751e8b465ee728b)
Start importing Assets/Needed folders/Particle Dissolve Shader by Moonflower Carnivore/Prefabs/Explosion loop fallback.prefab using Guid(39051c4c6f9bd604382d68b7a910a9e0) Importer(815301076,1909f56bfc062723c751e8b465ee728b)  -> (artifact id: '63796f1166d4b3cddfc9fb963144ac35') in 0.010436 seconds
Number of updated asset objects reloaded before import = 0
Number of asset objects unloaded after import = 35
========================================================================
Received Import Request.
  Time since last request: 0.000015 seconds.
  path: Assets/Needed folders/Particle Dissolve Shader by Moonflower Carnivore/Prefabs/Sphere fire move.prefab
  artifactKey: Guid(cb7bbf4269d890d44992b6944a0664a1) Importer(815301076,1909f56bfc062723c751e8b465ee728b)
Start importing Assets/Needed folders/Particle Dissolve Shader by Moonflower Carnivore/Prefabs/Sphere fire move.prefab using Guid(cb7bbf4269d890d44992b6944a0664a1) Importer(815301076,1909f56bfc062723c751e8b465ee728b)  -> (artifact id: 'add20278cf565016637af71b3ae0a2d5') in 0.009943 seconds
Number of updated asset objects reloaded before import = 0
Number of asset objects unloaded after import = 24
========================================================================
Received Import Request.
  Time since last request: 0.000014 seconds.
  path: Assets/Needed folders/Particle Dissolve Shader by Moonflower Carnivore/Materials/Soul Dissolve soft add.mat
  artifactKey: Guid(352ec17fad692564988a47c4fd81df18) Importer(815301076,1909f56bfc062723c751e8b465ee728b)
Start importing Assets/Needed folders/Particle Dissolve Shader by Moonflower Carnivore/Materials/Soul Dissolve soft add.mat using Guid(352ec17fad692564988a47c4fd81df18) Importer(815301076,1909f56bfc062723c751e8b465ee728b)  -> (artifact id: '00851789fb65a1329c04da626ace09b9') in 0.006785 seconds
Number of updated asset objects reloaded before import = 0
Number of asset objects unloaded after import = 2
========================================================================
Received Import Request.
  Time since last request: 0.000012 seconds.
  path: Assets/Needed folders/Particle Dissolve Shader by Moonflower Carnivore/Prefabs/Explosion single soft.prefab
  artifactKey: Guid(4be461bdf6702f64298fb518ce64cc1d) Importer(815301076,1909f56bfc062723c751e8b465ee728b)
Start importing Assets/Needed folders/Particle Dissolve Shader by Moonflower Carnivore/Prefabs/Explosion single soft.prefab using Guid(4be461bdf6702f64298fb518ce64cc1d) Importer(815301076,1909f56bfc062723c751e8b465ee728b)  -> (artifact id: '2fc063958a024e187fc79ab2b4ded3a2') in 0.013489 seconds
Number of updated asset objects reloaded before import = 0
Number of asset objects unloaded after import = 38
========================================================================
Received Import Request.
  Time since last request: 0.000016 seconds.
  path: Assets/Needed folders/Particle Dissolve Shader by Moonflower Carnivore/Prefabs/Fire fuel soft.prefab
  artifactKey: Guid(7a6f5d14b8901a34ab435748f593748e) Importer(815301076,1909f56bfc062723c751e8b465ee728b)
Start importing Assets/Needed folders/Particle Dissolve Shader by Moonflower Carnivore/Prefabs/Fire fuel soft.prefab using Guid(7a6f5d14b8901a34ab435748f593748e) Importer(815301076,1909f56bfc062723c751e8b465ee728b)  -> (artifact id: '6309967cb688f5a45a9cf9b84ba1ef9e') in 0.008984 seconds
Number of updated asset objects reloaded before import = 0
Number of asset objects unloaded after import = 17
========================================================================
Received Import Request.
  Time since last request: 0.000014 seconds.
  path: Assets/Needed folders/Particle Dissolve Shader by Moonflower Carnivore/Materials/Explosion dissolve soft alpha.mat
  artifactKey: Guid(edb7ceffee7afac489bdf1ef0fd8f17f) Importer(815301076,1909f56bfc062723c751e8b465ee728b)
Start importing Assets/Needed folders/Particle Dissolve Shader by Moonflower Carnivore/Materials/Explosion dissolve soft alpha.mat using Guid(edb7ceffee7afac489bdf1ef0fd8f17f) Importer(815301076,1909f56bfc062723c751e8b465ee728b)  -> (artifact id: 'f5ad281a1868cfad18ef50d027fdfe91') in 0.006452 seconds
Number of updated asset objects reloaded before import = 0
Number of asset objects unloaded after import = 2
========================================================================
Received Import Request.
  Time since last request: 0.000012 seconds.
  path: Assets/Needed folders/Particle Dissolve Shader by Moonflower Carnivore/Materials/fire loop alpha.mat
  artifactKey: Guid(5aa2b57dbae0b6d4697812e749e704a7) Importer(815301076,1909f56bfc062723c751e8b465ee728b)
Start importing Assets/Needed folders/Particle Dissolve Shader by Moonflower Carnivore/Materials/fire loop alpha.mat using Guid(5aa2b57dbae0b6d4697812e749e704a7) Importer(815301076,1909f56bfc062723c751e8b465ee728b)  -> (artifact id: 'eddf3dc4cf23456862b4a5037bae791f') in 0.006545 seconds
Number of updated asset objects reloaded before import = 0
Number of asset objects unloaded after import = 2
========================================================================
Received Import Request.
  Time since last request: 0.000014 seconds.
  path: Assets/Needed folders/Particle Dissolve Shader by Moonflower Carnivore/Materials/Flame dissolve sharp add.mat
  artifactKey: Guid(04dc1f70ca921b24cbd827ae2cd291d5) Importer(815301076,1909f56bfc062723c751e8b465ee728b)
Start importing Assets/Needed folders/Particle Dissolve Shader by Moonflower Carnivore/Materials/Flame dissolve sharp add.mat using Guid(04dc1f70ca921b24cbd827ae2cd291d5) Importer(815301076,1909f56bfc062723c751e8b465ee728b)  -> (artifact id: '0a4ae5c346fa38f8c6b88b67a341d556') in 0.023149 seconds
Number of updated asset objects reloaded before import = 0
Number of asset objects unloaded after import = 2
========================================================================
Received Import Request.
  Time since last request: 0.000016 seconds.
  path: Assets/Needed folders/Particle Dissolve Shader by Moonflower Carnivore/Materials/Flame alpha softrim stretch.mat
  artifactKey: Guid(686c6926e5ca779418fef75409735697) Importer(815301076,1909f56bfc062723c751e8b465ee728b)
Start importing Assets/Needed folders/Particle Dissolve Shader by Moonflower Carnivore/Materials/Flame alpha softrim stretch.mat using Guid(686c6926e5ca779418fef75409735697) Importer(815301076,1909f56bfc062723c751e8b465ee728b)  -> (artifact id: '882c9a0fe7fe4245aad6f97319a41150') in 0.007390 seconds
Number of updated asset objects reloaded before import = 0
Number of asset objects unloaded after import = 2
========================================================================
Received Import Request.
  Time since last request: 0.000048 seconds.
  path: Assets/Needed folders/Particle Dissolve Shader by Moonflower Carnivore/Materials/Flame dissolve soft alpha.mat
  artifactKey: Guid(63fec24031294324d9222c9df2100cc3) Importer(815301076,1909f56bfc062723c751e8b465ee728b)
Start importing Assets/Needed folders/Particle Dissolve Shader by Moonflower Carnivore/Materials/Flame dissolve soft alpha.mat using Guid(63fec24031294324d9222c9df2100cc3) Importer(815301076,1909f56bfc062723c751e8b465ee728b)  -> (artifact id: '6ed53d8669638e4aeedf64e8566ac1ac') in 0.006514 seconds
Number of updated asset objects reloaded before import = 0
Number of asset objects unloaded after import = 2
========================================================================
Received Import Request.
  Time since last request: 0.000015 seconds.
  path: Assets/Needed folders/Particle Dissolve Shader by Moonflower Carnivore/Materials/Flame add.mat
  artifactKey: Guid(82c6732395bc60c468708d359b717665) Importer(815301076,1909f56bfc062723c751e8b465ee728b)
Start importing Assets/Needed folders/Particle Dissolve Shader by Moonflower Carnivore/Materials/Flame add.mat using Guid(82c6732395bc60c468708d359b717665) Importer(815301076,1909f56bfc062723c751e8b465ee728b)  -> (artifact id: 'abe8e8765296a8af5080e2213ee223ee') in 0.007198 seconds
Number of updated asset objects reloaded before import = 0
Number of asset objects unloaded after import = 2
========================================================================
Received Import Request.
  Time since last request: 0.000013 seconds.
  path: Assets/Needed folders/Particle Dissolve Shader by Moonflower Carnivore/Prefabs/Fire fuel sharp.prefab
  artifactKey: Guid(96918d1d02a66fe4c8b8ec5bb89b04cf) Importer(815301076,1909f56bfc062723c751e8b465ee728b)
Start importing Assets/Needed folders/Particle Dissolve Shader by Moonflower Carnivore/Prefabs/Fire fuel sharp.prefab using Guid(96918d1d02a66fe4c8b8ec5bb89b04cf) Importer(815301076,1909f56bfc062723c751e8b465ee728b)  -> (artifact id: '281ca9ca222fa854fdedbae8ace43406') in 0.008782 seconds
Number of updated asset objects reloaded before import = 0
Number of asset objects unloaded after import = 17
========================================================================
Received Import Request.
  Time since last request: 0.000019 seconds.
  path: Assets/Needed folders/Particle Dissolve Shader by Moonflower Carnivore/Prefabs/Explosion single fallback.prefab
  artifactKey: Guid(54b661f759164cb4cb9424de6a512cf8) Importer(815301076,1909f56bfc062723c751e8b465ee728b)
Start importing Assets/Needed folders/Particle Dissolve Shader by Moonflower Carnivore/Prefabs/Explosion single fallback.prefab using Guid(54b661f759164cb4cb9424de6a512cf8) Importer(815301076,1909f56bfc062723c751e8b465ee728b)  -> (artifact id: 'aea657bcec7de33827ee1963dbccc9fe') in 0.010467 seconds
Number of updated asset objects reloaded before import = 0
Number of asset objects unloaded after import = 38
========================================================================
Received Import Request.
  Time since last request: 0.000016 seconds.
  path: Assets/Needed folders/Particle Dissolve Shader by Moonflower Carnivore/Prefabs/Water Splash sharp.prefab
  artifactKey: Guid(f1858abc67b93404ebbd608e7be189a8) Importer(815301076,1909f56bfc062723c751e8b465ee728b)
Start importing Assets/Needed folders/Particle Dissolve Shader by Moonflower Carnivore/Prefabs/Water Splash sharp.prefab using Guid(f1858abc67b93404ebbd608e7be189a8) Importer(815301076,1909f56bfc062723c751e8b465ee728b)  -> (artifact id: 'e16d7ed2f85b544d0560fb4f6ef9a688') in 0.010012 seconds
Number of updated asset objects reloaded before import = 0
Number of asset objects unloaded after import = 35
========================================================================
Received Import Request.
  Time since last request: 0.000013 seconds.
  path: Assets/Needed folders/Particle Dissolve Shader by Moonflower Carnivore/Materials/Soul Dissolve soft alpha.mat
  artifactKey: Guid(b0e458abeb2585f45bcf8328c5989793) Importer(815301076,1909f56bfc062723c751e8b465ee728b)
Start importing Assets/Needed folders/Particle Dissolve Shader by Moonflower Carnivore/Materials/Soul Dissolve soft alpha.mat using Guid(b0e458abeb2585f45bcf8328c5989793) Importer(815301076,1909f56bfc062723c751e8b465ee728b)  -> (artifact id: '1cb7af644cc825766b3114bb491ba347') in 0.006447 seconds
Number of updated asset objects reloaded before import = 0
Number of asset objects unloaded after import = 2
========================================================================
Received Import Request.
  Time since last request: 0.000013 seconds.
  path: Assets/Needed folders/Particle Dissolve Shader by Moonflower Carnivore/Prefabs/Smoke basic mobile alpha.prefab
  artifactKey: Guid(bdba85e81a39dc848a061fa31bdbeeb0) Importer(815301076,1909f56bfc062723c751e8b465ee728b)
Start importing Assets/Needed folders/Particle Dissolve Shader by Moonflower Carnivore/Prefabs/Smoke basic mobile alpha.prefab using Guid(bdba85e81a39dc848a061fa31bdbeeb0) Importer(815301076,1909f56bfc062723c751e8b465ee728b)  -> (artifact id: '5cbd81ea248e943d05d58d8d40349a4d') in 0.007258 seconds
Number of updated asset objects reloaded before import = 0
Number of asset objects unloaded after import = 8
========================================================================
Received Import Request.
  Time since last request: 0.000013 seconds.
  path: Assets/Needed folders/Particle Dissolve Shader by Moonflower Carnivore/Materials/Explosion dissolve sharp alpha.mat
  artifactKey: Guid(6dfd4108575b190468b06feec26188ff) Importer(815301076,1909f56bfc062723c751e8b465ee728b)
Start importing Assets/Needed folders/Particle Dissolve Shader by Moonflower Carnivore/Materials/Explosion dissolve sharp alpha.mat using Guid(6dfd4108575b190468b06feec26188ff) Importer(815301076,1909f56bfc062723c751e8b465ee728b)  -> (artifact id: 'c28369d9922bd1a29f63b1898058e4cb') in 0.006187 seconds
Number of updated asset objects reloaded before import = 0
Number of asset objects unloaded after import = 2
========================================================================
Received Import Request.
  Time since last request: 0.000015 seconds.
  path: Assets/Needed folders/Particle Dissolve Shader by Moonflower Carnivore/Materials/Volumetric Cloud alpha.mat
  artifactKey: Guid(c5bf04be7ec50bd4998d6335bbdd4bee) Importer(815301076,1909f56bfc062723c751e8b465ee728b)
Start importing Assets/Needed folders/Particle Dissolve Shader by Moonflower Carnivore/Materials/Volumetric Cloud alpha.mat using Guid(c5bf04be7ec50bd4998d6335bbdd4bee) Importer(815301076,1909f56bfc062723c751e8b465ee728b)  -> (artifact id: '8d843e6d2ac319853a37afb1bff22102') in 0.007153 seconds
Number of updated asset objects reloaded before import = 0
Number of asset objects unloaded after import = 2
========================================================================
Received Import Request.
  Time since last request: 0.000013 seconds.
  path: Assets/Needed folders/Particle Dissolve Shader by Moonflower Carnivore/Materials/Glow add softrim stretch.mat
  artifactKey: Guid(71545a2bf26f5214dbb2d079a8d24c15) Importer(815301076,1909f56bfc062723c751e8b465ee728b)
Start importing Assets/Needed folders/Particle Dissolve Shader by Moonflower Carnivore/Materials/Glow add softrim stretch.mat using Guid(71545a2bf26f5214dbb2d079a8d24c15) Importer(815301076,1909f56bfc062723c751e8b465ee728b)  -> (artifact id: '4e0e95299f92c8103b8d70fa01210fbe') in 0.006373 seconds
Number of updated asset objects reloaded before import = 0
Number of asset objects unloaded after import = 2
========================================================================
Received Import Request.
  Time since last request: 0.000012 seconds.
  path: Assets/Needed folders/Particle Dissolve Shader by Moonflower Carnivore/Materials/Cloud Flame alpha.mat
  artifactKey: Guid(4f80ece397dd4884a97a40e6d98d9ccd) Importer(815301076,1909f56bfc062723c751e8b465ee728b)
Start importing Assets/Needed folders/Particle Dissolve Shader by Moonflower Carnivore/Materials/Cloud Flame alpha.mat using Guid(4f80ece397dd4884a97a40e6d98d9ccd) Importer(815301076,1909f56bfc062723c751e8b465ee728b)  -> (artifact id: '7177c6f2ad5c1b8593a2886dcd643100') in 0.006452 seconds
Number of updated asset objects reloaded before import = 0
Number of asset objects unloaded after import = 2
========================================================================
Received Import Request.
  Time since last request: 0.000013 seconds.
  path: Assets/Needed folders/Particle Dissolve Shader by Moonflower Carnivore/Materials/Water dissolve sharp alpha.mat
  artifactKey: Guid(345bf329ef604884b8d534453999ec96) Importer(815301076,1909f56bfc062723c751e8b465ee728b)
Start importing Assets/Needed folders/Particle Dissolve Shader by Moonflower Carnivore/Materials/Water dissolve sharp alpha.mat using Guid(345bf329ef604884b8d534453999ec96) Importer(815301076,1909f56bfc062723c751e8b465ee728b)  -> (artifact id: '9696cc1b5620fd096608a9dff2f2f6bc') in 0.006475 seconds
Number of updated asset objects reloaded before import = 0
Number of asset objects unloaded after import = 2
========================================================================
Received Import Request.
  Time since last request: 2.316254 seconds.
  path: Assets/Needed folders/Particle Dissolve Shader by Moonflower Carnivore/Textures/burn_ramp_gradient.png
  artifactKey: Guid(f7d186cbd21bb124bb1b3d3eb8ae1cdc) Importer(815301076,1909f56bfc062723c751e8b465ee728b)
Start importing Assets/Needed folders/Particle Dissolve Shader by Moonflower Carnivore/Textures/burn_ramp_gradient.png using Guid(f7d186cbd21bb124bb1b3d3eb8ae1cdc) Importer(815301076,1909f56bfc062723c751e8b465ee728b)  -> (artifact id: 'd8b03c590d4349a3b2ca90767c0bcd62') in 0.006736 seconds
Number of updated asset objects reloaded before import = 0
Number of asset objects unloaded after import = 2
========================================================================
Received Import Request.
  Time since last request: 0.000012 seconds.
  path: Assets/Needed folders/Particle Dissolve Shader by Moonflower Carnivore/Textures/explosion_dissolve.psd
  artifactKey: Guid(1c8e7b94b8dc34c41a5b9118081ec43d) Importer(815301076,1909f56bfc062723c751e8b465ee728b)
Start importing Assets/Needed folders/Particle Dissolve Shader by Moonflower Carnivore/Textures/explosion_dissolve.psd using Guid(1c8e7b94b8dc34c41a5b9118081ec43d) Importer(815301076,1909f56bfc062723c751e8b465ee728b)  -> (artifact id: '984a8e8c054179a267e7904b64d0dcb7') in 0.008838 seconds
Number of updated asset objects reloaded before import = 0
Number of asset objects unloaded after import = 2
========================================================================
Received Import Request.
  Time since last request: 0.000013 seconds.
  path: Assets/Needed folders/Particle Dissolve Shader by Moonflower Carnivore/Textures/volumetric_cloud_sheet.psd
  artifactKey: Guid(d551a3563e97f5d4daa5b998e838d935) Importer(815301076,1909f56bfc062723c751e8b465ee728b)
Start importing Assets/Needed folders/Particle Dissolve Shader by Moonflower Carnivore/Textures/volumetric_cloud_sheet.psd using Guid(d551a3563e97f5d4daa5b998e838d935) Importer(815301076,1909f56bfc062723c751e8b465ee728b)  -> (artifact id: '44ee0a88dc2c43a939ef96f694b1e770') in 0.009467 seconds
Number of updated asset objects reloaded before import = 0
Number of asset objects unloaded after import = 2
========================================================================
Received Import Request.
  Time since last request: 0.000013 seconds.
  path: Assets/Needed folders/Particle Dissolve Shader by Moonflower Carnivore/Textures/soul.psd
  artifactKey: Guid(6693a5a882abf4147afd9a46e5131b67) Importer(815301076,1909f56bfc062723c751e8b465ee728b)
Start importing Assets/Needed folders/Particle Dissolve Shader by Moonflower Carnivore/Textures/soul.psd using Guid(6693a5a882abf4147afd9a46e5131b67) Importer(815301076,1909f56bfc062723c751e8b465ee728b)  -> (artifact id: '80c310295f222131881567967e849bb4') in 0.008586 seconds
Number of updated asset objects reloaded before import = 0
Number of asset objects unloaded after import = 2
========================================================================
Received Import Request.
  Time since last request: 0.000016 seconds.
  path: Assets/Needed folders/Particle Dissolve Shader by Moonflower Carnivore/Textures/cloud_loop.bmp
  artifactKey: Guid(808d653919d8945409870a824173d8db) Importer(815301076,1909f56bfc062723c751e8b465ee728b)
Start importing Assets/Needed folders/Particle Dissolve Shader by Moonflower Carnivore/Textures/cloud_loop.bmp using Guid(808d653919d8945409870a824173d8db) Importer(815301076,1909f56bfc062723c751e8b465ee728b)  -> (artifact id: 'aca7d3ba6a21e196d26a9c1544fcec16') in 0.007812 seconds
Number of updated asset objects reloaded before import = 0
Number of asset objects unloaded after import = 2
========================================================================
Received Import Request.
  Time since last request: 0.000014 seconds.
  path: Assets/Needed folders/Particle Dissolve Shader by Moonflower Carnivore/Textures/cloud_alpha.png
  artifactKey: Guid(cdc995167d46a4c4383e12725cf124a4) Importer(815301076,1909f56bfc062723c751e8b465ee728b)
Start importing Assets/Needed folders/Particle Dissolve Shader by Moonflower Carnivore/Textures/cloud_alpha.png using Guid(cdc995167d46a4c4383e12725cf124a4) Importer(815301076,1909f56bfc062723c751e8b465ee728b)  -> (artifact id: '0cd39a54d63a319b34e5506665fea4ef') in 0.007245 seconds
Number of updated asset objects reloaded before import = 0
Number of asset objects unloaded after import = 2
========================================================================
Received Import Request.
  Time since last request: 0.000014 seconds.
  path: Assets/Needed folders/Particle Dissolve Shader by Moonflower Carnivore/Textures/cloud_flame.psd
  artifactKey: Guid(5f5ba243512219847b0078f0c27e7239) Importer(815301076,1909f56bfc062723c751e8b465ee728b)
Start importing Assets/Needed folders/Particle Dissolve Shader by Moonflower Carnivore/Textures/cloud_flame.psd using Guid(5f5ba243512219847b0078f0c27e7239) Importer(815301076,1909f56bfc062723c751e8b465ee728b)  -> (artifact id: '8ad09b3813244dfd582dceecd963440c') in 0.009215 seconds
Number of updated asset objects reloaded before import = 0
Number of asset objects unloaded after import = 2
========================================================================
Received Import Request.
  Time since last request: 0.000015 seconds.
  path: Assets/Needed folders/Particle Dissolve Shader by Moonflower Carnivore/Textures/flame.psd
  artifactKey: Guid(0fdf179dbecda7f439d73d58be1ac191) Importer(815301076,1909f56bfc062723c751e8b465ee728b)
Start importing Assets/Needed folders/Particle Dissolve Shader by Moonflower Carnivore/Textures/flame.psd using Guid(0fdf179dbecda7f439d73d58be1ac191) Importer(815301076,1909f56bfc062723c751e8b465ee728b)  -> (artifact id: '80c69b2b891d66efda80fb2eb87f4c97') in 0.010858 seconds
Number of updated asset objects reloaded before import = 0
Number of asset objects unloaded after import = 2
========================================================================
Received Import Request.
  Time since last request: 0.000013 seconds.
  path: Assets/Needed folders/Particle Dissolve Shader by Moonflower Carnivore/Textures/cloud_shade.psd
  artifactKey: Guid(abd9fb01aa361f044be7066b09c5596f) Importer(815301076,1909f56bfc062723c751e8b465ee728b)
Start importing Assets/Needed folders/Particle Dissolve Shader by Moonflower Carnivore/Textures/cloud_shade.psd using Guid(abd9fb01aa361f044be7066b09c5596f) Importer(815301076,1909f56bfc062723c751e8b465ee728b)  -> (artifact id: '5ffc4b8e3d98ead3a81ef9c3f1b4bddb') in 0.009295 seconds
Number of updated asset objects reloaded before import = 0
Number of asset objects unloaded after import = 2
========================================================================
Received Prepare
Begin MonoManager ReloadAssembly
Symbol file LoadedFromMemory doesn't match image C:\Unity projects\Patient-Projects\Patient Projects\Library\PackageCache\com.unity.visualscripting@1.8.0\Editor\VisualScripting.Core\Dependencies\YamlDotNet\Unity.VisualScripting.YamlDotNet.dll
Symbol file LoadedFromMemory doesn't match image C:\Unity projects\Patient-Projects\Patient Projects\Library\PackageCache\com.unity.visualscripting@1.8.0\Editor\VisualScripting.Core\Dependencies\DotNetZip\Unity.VisualScripting.IonicZip.dll
- Loaded All Assemblies, in  0.648 seconds
Refreshing native plugins compatible for Editor in 5.71 ms, found 8 plugins.
Native extension for WindowsStandalone target not found
Native extension for WebGL target not found
Mono: successfully reloaded assembly
- Finished resetting the current domain, in  1.069 seconds
Domain Reload Profiling: 1712ms
	BeginReloadAssembly (110ms)
		ExecutionOrderSort (0ms)
		DisableScriptedObjects (3ms)
		BackupInstance (0ms)
		ReleaseScriptingObjects (0ms)
		CreateAndSetChildDomain (31ms)
	RebuildCommonClasses (22ms)
	RebuildNativeTypeToScriptingClass (8ms)
	initialDomainReloadingComplete (25ms)
	LoadAllAssembliesAndSetupDomain (478ms)
		LoadAssemblies (281ms)
		RebuildTransferFunctionScriptingTraits (0ms)
		AnalyzeDomain (234ms)
			TypeCache.Refresh (219ms)
				TypeCache.ScanAssembly (210ms)
			ScanForSourceGeneratedMonoScriptInfo (6ms)
			ResolveRequiredComponents (9ms)
	FinalizeReload (1069ms)
		ReleaseScriptCaches (0ms)
		RebuildScriptCaches (0ms)
		SetupLoadedEditorAssemblies (367ms)
			LogAssemblyErrors (0ms)
			InitializePlatformSupportModulesInManaged (6ms)
			SetLoadedEditorAssemblies (4ms)
			RefreshPlugins (0ms)
			BeforeProcessingInitializeOnLoad (67ms)
			ProcessInitializeOnLoadAttributes (229ms)
			ProcessInitializeOnLoadMethodAttributes (56ms)
			AfterProcessingInitializeOnLoad (6ms)
			EditorAssembliesLoaded (0ms)
		ExecutionOrderSort2 (0ms)
		AwakeInstancesAfterBackupRestoration (5ms)
Refreshing native plugins compatible for Editor in 6.75 ms, found 8 plugins.
Preloading 0 native plugins for Editor in 0.00 ms.
Unloading 6348 Unused Serialized files (Serialized files now loaded: 0)
Unloading 83 unused Assets / (3.4 MB). Loaded Objects now: 7036.
Memory consumption went from 219.7 MB to 216.4 MB.
Total: 3.096200 ms (FindLiveObjects: 0.291100 ms CreateObjectMapping: 0.131500 ms MarkObjects: 2.042600 ms  DeleteObjects: 0.630000 ms)

Prepare: number of updated asset objects reloaded= 22
AssetImportParameters requested are different than current active one (requested -> active):
  custom:container-demuxer-ogg: 62fdf1f143b41e24485cea50d1cbac27 -> 
  custom:framework-win-MediaFoundation: 216162199b28c13a410421893ffa2e32 -> 
  custom:container-muxer-webm: aa71ff27fc2769a1b78a27578f13a17b -> 
  custom:video-decoder-webm-vp8: 9c59270c3fd7afecdb556c50c9e8de78 -> 
  custom:AudioImporter_EditorPlatform: d09bf68614088b80899f8185d706f6e7 -> 
  custom:audio-decoder-ogg-vorbis: bf7c407c2cedff20999df2af8eb42d56 -> 
  custom:audio-encoder-webm-vorbis: bf7c407c2cedff20999df2af8eb42d56 -> 
  custom:video-codec-MediaFoundation-h265: 746d11721c4dcdbdad8f713fa42b33f4 -> 
  custom:video-decoder-ogg-theora: a1e56fd34408186e4bbccfd4996cb3dc -> 
  custom:container-demuxer-webm: 4f35f7cbe854078d1ac9338744f61a02 -> 
  custom:video-encoder-webm-vp8: eb34c28f22e8b96e1ab97ce403110664 -> 
========================================================================
Received Import Request.
  Time since last request: 26.838895 seconds.
  path: Assets/Needed folders/DigitalKonstrukt/Prototyping_Pack_Free/Resources/Materials/Prototyp_Material_2.mat
  artifactKey: Guid(f36bc83af7f442f4bb065c8dff3dda31) Importer(815301076,1909f56bfc062723c751e8b465ee728b)
Start importing Assets/Needed folders/DigitalKonstrukt/Prototyping_Pack_Free/Resources/Materials/Prototyp_Material_2.mat using Guid(f36bc83af7f442f4bb065c8dff3dda31) Importer(815301076,1909f56bfc062723c751e8b465ee728b)  -> (artifact id: '63716f8d1508fbac6d2d9701b3458798') in 0.097470 seconds
Number of updated asset objects reloaded before import = 0
Number of asset objects unloaded after import = 2
========================================================================
Received Import Request.
  Time since last request: 0.000015 seconds.
  path: Assets/Needed folders/DigitalKonstrukt/Prototyping_Pack_Free/Resources/Materials/Prototyp_Material_6.mat
  artifactKey: Guid(c56b206169d606441bc20e1a416560ce) Importer(815301076,1909f56bfc062723c751e8b465ee728b)
Start importing Assets/Needed folders/DigitalKonstrukt/Prototyping_Pack_Free/Resources/Materials/Prototyp_Material_6.mat using Guid(c56b206169d606441bc20e1a416560ce) Importer(815301076,1909f56bfc062723c751e8b465ee728b)  -> (artifact id: 'd4975460d76c0f79bb34c18adbf82325') in 0.013812 seconds
Number of updated asset objects reloaded before import = 0
Number of asset objects unloaded after import = 2
========================================================================
Received Import Request.
  Time since last request: 0.000020 seconds.
  path: Assets/Needed folders/DigitalKonstrukt/Prototyping_Pack_Free/Resources/Materials/Prototyp_Material_14.mat
  artifactKey: Guid(4f47b69c96e3e06438c10c907f7d4f98) Importer(815301076,1909f56bfc062723c751e8b465ee728b)
Start importing Assets/Needed folders/DigitalKonstrukt/Prototyping_Pack_Free/Resources/Materials/Prototyp_Material_14.mat using Guid(4f47b69c96e3e06438c10c907f7d4f98) Importer(815301076,1909f56bfc062723c751e8b465ee728b)  -> (artifact id: 'e6729183668d5ee5f545c7cd8fcfbcf9') in 0.075468 seconds
Number of updated asset objects reloaded before import = 0
Number of asset objects unloaded after import = 1
========================================================================
Received Import Request.
  Time since last request: 0.000013 seconds.
  path: Assets/Needed folders/DigitalKonstrukt/Prototyping_Pack_Free/Resources/Materials/Prototyp_Material_4.mat
  artifactKey: Guid(3e9b40bb243ad504dbf2adbd0918b9f5) Importer(815301076,1909f56bfc062723c751e8b465ee728b)
Start importing Assets/Needed folders/DigitalKonstrukt/Prototyping_Pack_Free/Resources/Materials/Prototyp_Material_4.mat using Guid(3e9b40bb243ad504dbf2adbd0918b9f5) Importer(815301076,1909f56bfc062723c751e8b465ee728b)  -> (artifact id: 'c18961aa0c00a2a957876b36c5106f1e') in 0.009354 seconds
Number of updated asset objects reloaded before import = 0
Number of asset objects unloaded after import = 2
========================================================================
Received Import Request.
  Time since last request: 0.000015 seconds.
  path: Assets/Needed folders/DigitalKonstrukt/Prototyping_Pack_Free/Resources/Materials/Prototyp_Material_9.mat
  artifactKey: Guid(698621012f4317746bf1b79896b709b6) Importer(815301076,1909f56bfc062723c751e8b465ee728b)
Start importing Assets/Needed folders/DigitalKonstrukt/Prototyping_Pack_Free/Resources/Materials/Prototyp_Material_9.mat using Guid(698621012f4317746bf1b79896b709b6) Importer(815301076,1909f56bfc062723c751e8b465ee728b)  -> (artifact id: 'a1d2b0773f9eaeaaa611f28ff2fe8221') in 0.009521 seconds
Number of updated asset objects reloaded before import = 0
Number of asset objects unloaded after import = 2
========================================================================
Received Import Request.
  Time since last request: 2.585691 seconds.
  path: Assets/Needed folders/DigitalKonstrukt/Prototyping_Pack_Free/Resources/Textures/proto_2.png
  artifactKey: Guid(8ddd254c86d435c438634a87443272a6) Importer(815301076,1909f56bfc062723c751e8b465ee728b)
Start importing Assets/Needed folders/DigitalKonstrukt/Prototyping_Pack_Free/Resources/Textures/proto_2.png using Guid(8ddd254c86d435c438634a87443272a6) Importer(815301076,1909f56bfc062723c751e8b465ee728b)  -> (artifact id: '32db5c823781300387bc0ff4262f6a9a') in 0.010143 seconds
Number of updated asset objects reloaded before import = 0
Number of asset objects unloaded after import = 2
========================================================================
Received Import Request.
  Time since last request: 0.000019 seconds.
  path: Assets/Needed folders/DigitalKonstrukt/Prototyping_Pack_Free/Resources/Textures/Proto_grid.png
  artifactKey: Guid(42106d5139c46084e9338f3079c83481) Importer(815301076,1909f56bfc062723c751e8b465ee728b)
Start importing Assets/Needed folders/DigitalKonstrukt/Prototyping_Pack_Free/Resources/Textures/Proto_grid.png using Guid(42106d5139c46084e9338f3079c83481) Importer(815301076,1909f56bfc062723c751e8b465ee728b)  -> (artifact id: '9c8e6c63ff4ab644e7e15769e98c267b') in 0.007228 seconds
Number of updated asset objects reloaded before import = 0
Number of asset objects unloaded after import = 2
========================================================================
Received Import Request.
  Time since last request: 0.000017 seconds.
  path: Assets/Needed folders/DigitalKonstrukt/Prototyping_Pack_Free/Resources/Textures/proto_3.png
  artifactKey: Guid(2807688b9d7782c48b64d3ad546e6f16) Importer(815301076,1909f56bfc062723c751e8b465ee728b)
Start importing Assets/Needed folders/DigitalKonstrukt/Prototyping_Pack_Free/Resources/Textures/proto_3.png using Guid(2807688b9d7782c48b64d3ad546e6f16) Importer(815301076,1909f56bfc062723c751e8b465ee728b)  -> (artifact id: '7de1b53934f08892ebaf01931ce59d31') in 0.007571 seconds
Number of updated asset objects reloaded before import = 0
Number of asset objects unloaded after import = 2
========================================================================
Received Import Request.
  Time since last request: 0.000016 seconds.
  path: Assets/Needed folders/DigitalKonstrukt/Prototyping_Pack_Free/Resources/Textures/Proto_2_1024.png
  artifactKey: Guid(b934295811de5ee40be9049419db3e4c) Importer(815301076,1909f56bfc062723c751e8b465ee728b)
Start importing Assets/Needed folders/DigitalKonstrukt/Prototyping_Pack_Free/Resources/Textures/Proto_2_1024.png using Guid(b934295811de5ee40be9049419db3e4c) Importer(815301076,1909f56bfc062723c751e8b465ee728b)  -> (artifact id: 'd6ebbd343ae149da379b9535b27b44ed') in 0.007563 seconds
Number of updated asset objects reloaded before import = 0
Number of asset objects unloaded after import = 2
Editor requested this worker to shutdown with reason: Scaling down because of idle timeout
TcpMessagingSession - receive error: operation aborted. errorcode: 995, details: Bir i parac k veya bir uygulama istei nedeniyle G/ ilemi iptal edildi.
AssetImportWorker is now disconnected from the server
Process exiting
Exiting without the bug reporter. Application will terminate with return code 0